[2024-05-10 01:45:38][logger.py] INFO: Удалены лишние лог-файлы: 0
[2024-05-10 01:45:38][logger.py] INFO: Текущий лог-файл: 2024 05-10 01.45.38.log
[2024-05-10 01:45:42][logger.py] INFO: Поучено 3 пользователей
[2024-05-10 01:45:42][logger.py] INFO: 1744691089
[2024-05-10 01:45:42][logger.py] INFO: Retrieved user 6034429696's referals: ('',)
[2024-05-10 01:45:42][logger.py] ERROR: Error adding referal 1744691089 to user 6034429696: 'list' object has no attribute 'split'
[2024-05-10 01:45:42][logger.py] INFO: Updated user 6034429696's from_referal to 1744691089
[2024-05-10 01:45:46][logger.py] INFO: Retrieved user 1744691089's *: (1744691089, 'чак-чак', None, 'ru', 'arthells', '2024-05-09 15:48:28.349371', '', 0, '', 0, '', 10130)
[2024-05-10 01:45:49][logger.py] INFO: Поучено 3 пользователей
[2024-05-10 01:45:51][logger.py] INFO: Получены данные callback - {'func': 'open_category', 'category': '49654'}
[2024-05-10 01:45:52][logger.py] INFO: Получены данные callback - {'func': 'open_product', 'cat': '49654', 'prod': '62536'}
[2024-05-10 01:45:52][logger.py] INFO: Лота нет в изобранном
[2024-05-10 01:45:53][logger.py] INFO: Получены данные callback - {'func': 'buy', 'cat': '49654', 'prod': '62536', 'count': '2'}
[2024-05-10 01:45:53][logger.py] INFO: Retrieved user 1744691089's balance: (10130,)
[2024-05-10 01:45:53][logger.py] INFO: Retrieved user 1744691089's balance: (10130,)
[2024-05-10 01:45:53][logger.py] INFO: Сохранил новый заказ в файл JSON
[2024-05-10 01:45:53][logger.py] INFO: Retrieved user 1744691089's balance: (10130,)
[2024-05-10 01:45:53][logger.py] INFO: Retrieved user 1744691089's balance: (10130,)
[2024-05-10 01:45:53][logger.py] INFO: Updated user 1744691089's balance to 0
[2024-05-10 01:45:53][logger.py] INFO: Added bonus -10130 to user 1744691089
[2024-05-10 01:45:53][logger.py] INFO: Получены данные callback - {'func': 'check_status_order', 'order': 'hQLFD0bBBS'}
[2024-05-10 01:45:53][logger.py] INFO: Обновил кол-во товаров. Номер товара - 62536. Номер - категории - 49654
[2024-05-10 01:45:53][logger.py] INFO: Отправил файл с товарами юзеру - 1744691089. Номер товара - 62536. Номер - категории - 49654
[2024-05-10 01:45:54][logger.py] ERROR: Пользователь 1744691089 оплатил заказ hQLFD0bBBS
[2024-05-10 01:45:55][logger.py] INFO: Retrieved user 1744691089's *: (1744691089, 'чак-чак', None, 'ru', 'arthells', '2024-05-09 15:48:28.349371', '', 0, '', 0, '', 0)
[2024-05-10 01:46:01][logger.py] INFO: Получены данные callback - {'func': 'open_category', 'category': '49654'}
[2024-05-10 01:46:03][logger.py] INFO: Получены данные callback - {'func': 'open_product', 'cat': '49654', 'prod': '62536'}
[2024-05-10 01:46:03][logger.py] INFO: Лота нет в изобранном
[2024-05-10 01:46:04][logger.py] INFO: Получены данные callback - {'func': 'buy', 'cat': '49654', 'prod': '62536', 'count': '2'}
[2024-05-10 01:46:04][logger.py] INFO: Retrieved user 6034429696's balance: (0,)
[2024-05-10 01:46:04][logger.py] INFO: Retrieved user 6034429696's balance: (0,)
[2024-05-10 01:46:04][logger.py] INFO: Сохранил новый заказ в файл JSON
[2024-05-10 01:46:04][logger.py] INFO: Retrieved user 6034429696's balance: (0,)
[2024-05-10 01:46:04][logger.py] INFO: Retrieved user 6034429696's balance: (0,)
[2024-05-10 01:46:04][logger.py] INFO: Updated user 6034429696's balance to 0
[2024-05-10 01:46:04][logger.py] INFO: Added bonus 0 to user 6034429696
[2024-05-10 01:46:05][logger.py] INFO: Получены данные callback - {'func': 'check_status_order', 'order': 'kMyqj323Li'}
[2024-05-10 01:46:05][logger.py] INFO: Обновил кол-во товаров. Номер товара - 62536. Номер - категории - 49654
[2024-05-10 01:46:05][logger.py] INFO: Отправил файл с товарами юзеру - 6034429696. Номер товара - 62536. Номер - категории - 49654
[2024-05-10 01:46:05][logger.py] ERROR: Пользователь 6034429696 оплатил заказ kMyqj323Li
[2024-05-10 01:46:09][logger.py] INFO: Retrieved user 1744691089's *: (1744691089, 'чак-чак', None, 'ru', 'arthells', '2024-05-09 15:48:28.349371', '', 0, '', 0, '', 0)
