[2024-05-10 02:04:41][logger.py] INFO: Удалены лишние лог-файлы: 0
[2024-05-10 02:04:41][logger.py] INFO: Текущий лог-файл: 2024 05-10 02.04.41.log
[2024-05-10 02:04:45][logger.py] INFO: Получены данные callback - {'func': 'open_category', 'category': '49654'}
[2024-05-10 02:04:49][logger.py] INFO: Получены данные callback - {'func': 'open_category', 'category': '49654'}
[2024-05-10 02:04:50][logger.py] INFO: Получены данные callback - {'func': 'open_product', 'cat': '49654', 'prod': '97010'}
[2024-05-10 02:04:50][logger.py] WARNING: Товар 97010 уже есть в избранном
[2024-05-10 02:04:50][logger.py] INFO: Лот уже есть в изобранном
[2024-05-10 02:04:51][logger.py] INFO: Получены данные callback - {'func': 'buy', 'cat': '49654', 'prod': '97010', 'count': '2'}
[2024-05-10 02:04:51][logger.py] INFO: Retrieved user 6034429696's balance: (0,)
[2024-05-10 02:04:51][logger.py] INFO: Retrieved user 6034429696's balance: (0,)
[2024-05-10 02:04:51][logger.py] INFO: Сохранил новый заказ в файл JSON
[2024-05-10 02:04:51][logger.py] INFO: Retrieved user 6034429696's balance: (0,)
[2024-05-10 02:04:51][logger.py] INFO: Retrieved user 6034429696's balance: (0,)
[2024-05-10 02:04:51][logger.py] INFO: Updated user 6034429696's balance to 0
[2024-05-10 02:04:51][logger.py] INFO: Added bonus 0 to user 6034429696
[2024-05-10 02:04:52][logger.py] INFO: Получены данные callback - {'func': 'check_status_order', 'order': '1QK87MYspp'}
[2024-05-10 02:04:52][logger.py] INFO: Обновил кол-во товаров. Номер товара - 97010. Номер - категории - 49654
[2024-05-10 02:04:52][logger.py] INFO: Отправил файл с товарами юзеру - 6034429696. Номер товара - 97010. Номер - категории - 49654
[2024-05-10 02:04:52][logger.py] ERROR: Пользователь 6034429696 оплатил заказ 1QK87MYspp
[2024-05-10 02:04:52][logger.py] INFO: Retrieved user 6034429696's from_referal: ('1744691089',)
[2024-05-10 02:04:52][logger.py] INFO: Retrieved user 1744691089's balance: (400,)
[2024-05-10 02:04:52][logger.py] INFO: Updated user 1744691089's balance to 500.0
[2024-05-10 02:04:52][logger.py] INFO: Added bonus 100.0 to user 1744691089
[2024-05-10 02:04:52][logger.py] ERROR: Пользователь 1744691089 получил 100.0 рублей за оплату заказа 1QK87MYspp
[2024-05-10 02:04:55][logger.py] INFO: Retrieved user 6034429696's *: (6034429696, 'cardinal', None, 'ru', 'cardinaler', '2024-05-10 01:31:24.145166', '', 0, '1744691089', 0, '', 0)
[2024-05-10 02:04:56][logger.py] INFO: Favorites 6034429696 - [{'name': 'вфыв', 'category': '49654', 'id': '97010'}]
[2024-05-10 02:04:56][logger.py] INFO: Получены данные callback - {'func': 'favorite_lot', 'cat': '49654', 'prod': '97010', 'from': 'favorite_menu'}
[2024-05-10 02:04:58][logger.py] INFO: Получены данные callback - {'func': 'delete_favorite', 'cat': '49654', 'prod': '97010', 'from': 'favorite_menu'}
[2024-05-10 02:04:58][logger.py] INFO: Удален товар 97010 из категории 49654 из избранного
[2024-05-10 02:05:00][logger.py] INFO: Получены данные callback - {'func': 'open_category', 'category': '49654'}
[2024-05-10 02:05:01][logger.py] INFO: Получены данные callback - {'func': 'open_product', 'cat': '49654', 'prod': '97010'}
[2024-05-10 02:05:01][logger.py] INFO: Лота нет в изобранном
[2024-05-10 02:05:03][logger.py] INFO: Получены данные callback - {'func': 'categories_menu', 'from': 'product_menu'}
[2024-05-10 02:05:04][logger.py] INFO: Получены данные callback - {'func': 'open_category', 'category': '49654'}
[2024-05-10 02:05:04][logger.py] INFO: Получены данные callback - {'func': 'open_product', 'cat': '49654', 'prod': '97010'}
[2024-05-10 02:05:04][logger.py] INFO: Лота нет в изобранном
[2024-05-10 02:05:05][logger.py] INFO: Получены данные callback - {'func': 'open_category', 'cat': '49654'}
[2024-05-10 02:05:06][logger.py] INFO: Получены данные callback - {'func': 'categories_menu', 'from': 'category_menu'}
[2024-05-10 02:05:31][logger.py] INFO: Retrieved user 1744691089's *: (1744691089, 'чак-чак', None, 'ru', 'arthells', '2024-05-09 15:48:28.349371', '', 0, '', 0, '', 500)
[2024-05-10 02:07:25][logger.py] INFO: Получены данные callback - {'func': 'history_orders', 'count': '10'}
