[2024-05-10 00:42:07][logger.py] INFO: Удалены лишние лог-файлы: 0
[2024-05-10 00:42:07][logger.py] INFO: Текущий лог-файл: 2024 05-10 00.42.07.log
[2024-05-10 00:42:29][logger.py] INFO: Получены данные callback - {'func': 'open_category', 'category': '49654'}
[2024-05-10 00:42:30][logger.py] INFO: Retrieved user 1744691089's *: (1744691089, 'чак-чак', None, 'ru', 'arthells', '2024-05-09 15:48:28.349371', '', 0, '', 0, '', 10130)
[2024-05-10 00:42:31][logger.py] INFO: Получены данные callback - {'func': 'history_orders', 'count': '10'}
[2024-05-10 00:44:54][logger.py] INFO: Retrieved user 1744691089's *: (1744691089, 'чак-чак', None, 'ru', 'arthells', '2024-05-09 15:48:28.349371', '', 0, '', 0, '', 10130)
[2024-05-10 00:45:25][logger.py] INFO: Поучено 2 пользователей
[2024-05-10 00:48:15][logger.py] INFO: Получены данные callback - {'func': 'open_category', 'category': '49654'}
[2024-05-10 00:48:17][logger.py] INFO: Получены данные callback - {'func': 'categories_menu', 'from': 'category_menu'}
[2024-05-10 00:48:21][logger.py] INFO: Получены данные callback - {'func': 'open_category', 'category': '49654'}
[2024-05-10 00:59:37][logger.py] INFO: Retrieved user 1744691089's *: (1744691089, 'чак-чак', None, 'ru', 'arthells', '2024-05-09 15:48:28.349371', '', 0, '', 0, '', 10130)
[2024-05-10 00:59:41][logger.py] INFO: Получены данные callback - {'func': 'open_category', 'category': '49654'}
[2024-05-10 00:59:45][logger.py] INFO: Получены данные callback - {'func': 'open_product', 'cat': '49654', 'prod': '97010'}
[2024-05-10 00:59:45][logger.py] INFO: Лота нет в изобранном
[2024-05-10 00:59:51][logger.py] INFO: Получены данные callback - {'func': 'buy', 'cat': '49654', 'prod': '97010', 'count': '5'}
[2024-05-10 00:59:51][logger.py] INFO: Retrieved user 1744691089's balance: (10130,)
[2024-05-10 00:59:51][logger.py] INFO: Сохранил новый заказ в файл JSON
[2024-05-10 01:00:05][logger.py] INFO: Получены данные callback - {'func': 'check_status_order', 'order': '8bXJ4NIJ7L'}
[2024-05-10 01:00:05][logger.py] INFO: Обновил кол-во товаров. Номер товара - 97010. Номер - категории - 49654
[2024-05-10 01:00:05][logger.py] INFO: Отправил файл с товарами юзеру - 1744691089. Номер товара - 97010. Номер - категории - 49654
[2024-05-10 01:00:05][logger.py] ERROR: Пользователь 1744691089 оплатил заказ 8bXJ4NIJ7L
[2024-05-10 01:00:22][logger.py] INFO: Получены данные callback - {'func': 'buy', 'cat': '49654', 'prod': '97010', 'count': '10'}
[2024-05-10 01:00:22][logger.py] INFO: Retrieved user 1744691089's balance: (10130,)
[2024-05-10 01:00:22][logger.py] INFO: Сохранил новый заказ в файл JSON
[2024-05-10 01:30:41][logger.py] INFO: Получены данные callback - {'func': 'open_category', 'category': '49654'}
[2024-05-10 01:30:43][logger.py] INFO: Получены данные callback - {'func': 'delete_category', 'cat': '49654', 'from': 'category_menu'}
[2024-05-10 01:30:46][logger.py] INFO: Получены данные callback - {'func': 'cancel_delete_category'}
[2024-05-10 01:30:54][logger.py] INFO: Retrieved user 1744691089's *: (1744691089, 'чак-чак', None, 'ru', 'arthells', '2024-05-09 15:48:28.349371', '', 0, '', 0, '', 10130)
[2024-05-10 01:30:54][logger.py] INFO: Retrieved user 1744691089's count_referals: (0,)
[2024-05-10 01:30:59][logger.py] ERROR: Ошибка при работе бота - 'NoneType' object has no attribute 'lower'
[2024-05-10 01:31:10][logger.py] INFO: Получены данные callback - {'func': 'history_orders', 'count': '10'}
[2024-05-10 01:31:16][logger.py] INFO: Retrieved user 1744691089's count_referals: (0,)
[2024-05-10 01:31:24][logger.py] INFO: Поучено 2 пользователей
[2024-05-10 01:31:24][logger.py] INFO: 1744691089
[2024-05-10 01:31:24][logger.py] INFO: Added user 6034429696
[2024-05-10 01:31:24][logger.py] INFO: Retrieved user 6034429696's referals: ('',)
[2024-05-10 01:31:24][logger.py] ERROR: Error adding referal 1744691089 to user 6034429696: 'list' object has no attribute 'split'
[2024-05-10 01:31:24][logger.py] INFO: 6034429696 стал рефералом 1744691089'a
[2024-05-10 01:31:35][logger.py] INFO: Поучено 3 пользователей
[2024-05-10 01:31:36][logger.py] INFO: Retrieved user 1744691089's *: (1744691089, 'чак-чак', None, 'ru', 'arthells', '2024-05-09 15:48:28.349371', '', 0, '', 0, '', 10130)
[2024-05-10 01:31:44][logger.py] WARNING: Ошибка при получении списка категорий: 'delivery_products'
[2024-05-10 01:31:45][logger.py] WARNING: Ошибка при получении списка категорий: 'delivery_products'
