[2024-05-10 01:32:50][logger.py] INFO: Удалены лишние лог-файлы: 0
[2024-05-10 01:32:50][logger.py] INFO: Текущий лог-файл: 2024 05-10 01.32.50.log
[2024-05-10 01:39:28][logger.py] INFO: Получены данные callback - {'func': 'open_category', 'category': '49654'}
[2024-05-10 01:39:29][logger.py] INFO: Получены данные callback - {'func': 'open_product', 'cat': '49654', 'prod': '97010'}
[2024-05-10 01:39:29][logger.py] INFO: Лота нет в изобранном
[2024-05-10 01:39:30][logger.py] INFO: Получены данные callback - {'func': 'buy', 'cat': '49654', 'prod': '97010', 'count': '10'}
[2024-05-10 01:39:30][logger.py] INFO: Retrieved user 6034429696's balance: (0,)
[2024-05-10 01:39:30][logger.py] INFO: Retrieved user 6034429696's balance: (0,)
[2024-05-10 01:39:31][logger.py] INFO: Сохранил новый заказ в файл JSON
[2024-05-10 01:39:32][logger.py] INFO: Получены данные callback - {'func': 'check_status_order', 'order': 'vyNkztoeEl'}
[2024-05-10 01:39:32][logger.py] INFO: Обновил кол-во товаров. Номер товара - 97010. Номер - категории - 49654
[2024-05-10 01:39:32][logger.py] INFO: Отправил файл с товарами юзеру - 6034429696. Номер товара - 97010. Номер - категории - 49654
[2024-05-10 01:39:32][logger.py] ERROR: Пользователь 6034429696 оплатил заказ vyNkztoeEl
[2024-05-10 01:39:38][logger.py] INFO: Retrieved user 1744691089's *: (1744691089, 'чак-чак', None, 'ru', 'arthells', '2024-05-09 15:48:28.349371', '', 0, '', 0, '', 10130)
[2024-05-10 01:40:29][logger.py] INFO: Добавил новый продукт с идентификатором 62536
[2024-05-10 01:40:32][logger.py] INFO: Получены данные callback - {'func': 'open_category', 'category': '49654'}
[2024-05-10 01:40:33][logger.py] INFO: Получены данные callback - {'func': 'open_product', 'cat': '49654', 'prod': '62536'}
[2024-05-10 01:40:33][logger.py] INFO: Лота нет в изобранном
[2024-05-10 01:40:35][logger.py] INFO: Получены данные callback - {'func': 'upload_products', 'cat': '49654', 'prod': '62536', 'from': 'prod_menu'}
[2024-05-10 01:40:40][logger.py] INFO: Создан новый файл с товаром 62536 в категории 49654
[2024-05-10 01:40:40][logger.py] INFO: Добавил товары в json
[2024-05-10 01:40:40][logger.py] INFO: Лота нет в изобранном
[2024-05-10 01:40:44][logger.py] INFO: Получены данные callback - {'func': 'open_category', 'cat': '49654'}
[2024-05-10 01:40:45][logger.py] INFO: Получены данные callback - {'func': 'open_product', 'cat': '49654', 'prod': '62536'}
[2024-05-10 01:40:45][logger.py] INFO: Лота нет в изобранном
[2024-05-10 01:40:49][logger.py] INFO: Получены данные callback - {'func': 'buy', 'cat': '49654', 'prod': '62536', 'count': '2'}
[2024-05-10 01:40:50][logger.py] INFO: Retrieved user 1744691089's balance: (10130,)
[2024-05-10 01:40:50][logger.py] INFO: Retrieved user 1744691089's balance: (10130,)
[2024-05-10 01:40:50][logger.py] INFO: Сохранил новый заказ в файл JSON
[2024-05-10 01:40:56][logger.py] INFO: Получены данные callback - {'func': 'check_status_order', 'order': 'kG3wRoZXg8'}
[2024-05-10 01:40:56][logger.py] INFO: Обновил кол-во товаров. Номер товара - 62536. Номер - категории - 49654
[2024-05-10 01:40:56][logger.py] INFO: Отправил файл с товарами юзеру - 1744691089. Номер товара - 62536. Номер - категории - 49654
[2024-05-10 01:40:56][logger.py] ERROR: Пользователь 1744691089 оплатил заказ kG3wRoZXg8
[2024-05-10 01:40:59][logger.py] INFO: Поучено 3 пользователей
[2024-05-10 01:41:00][logger.py] INFO: Retrieved user 1744691089's *: (1744691089, 'чак-чак', None, 'ru', 'arthells', '2024-05-09 15:48:28.349371', '', 0, '', 0, '', 10130)
[2024-05-10 01:43:07][logger.py] INFO: Retrieved user 1744691089's *: (1744691089, 'чак-чак', None, 'ru', 'arthells', '2024-05-09 15:48:28.349371', '', 0, '', 0, '', 10130)
[2024-05-10 01:43:25][logger.py] INFO: Retrieved user 6034429696's *: (6034429696, 'cardinal', None, 'ru', 'cardinaler', '2024-05-10 01:31:24.145166', '', 0, '', 0, '', 0)
