[2024-05-10 01:54:36][logger.py] INFO: Удалены лишние лог-файлы: 0
[2024-05-10 01:54:36][logger.py] INFO: Текущий лог-файл: 2024 05-10 01.54.36.log
[2024-05-10 01:54:39][logger.py] INFO: Retrieved user 6034429696's *: (6034429696, 'cardinal', None, 'ru', 'cardinaler', '2024-05-10 01:31:24.145166', '', 0, '1744691089', 0, '', 0)
[2024-05-10 01:54:39][logger.py] INFO: Favorites 6034429696 - [{'name': 'вфыв', 'category': '49654', 'id': '97010'}]
[2024-05-10 01:54:40][logger.py] INFO: Получены данные callback - {'func': 'favorite_lot', 'cat': '49654', 'prod': '97010', 'from': 'favorite_menu'}
[2024-05-10 01:54:42][logger.py] INFO: Получены данные callback - {'func': 'buy', 'cat': '49654', 'prod': '97010', 'count': '2'}
[2024-05-10 01:54:42][logger.py] INFO: Retrieved user 6034429696's balance: (0,)
[2024-05-10 01:54:42][logger.py] INFO: Retrieved user 6034429696's balance: (0,)
[2024-05-10 01:54:42][logger.py] INFO: Сохранил новый заказ в файл JSON
[2024-05-10 01:54:42][logger.py] INFO: Retrieved user 6034429696's balance: (0,)
[2024-05-10 01:54:42][logger.py] INFO: Retrieved user 6034429696's balance: (0,)
[2024-05-10 01:54:42][logger.py] INFO: Updated user 6034429696's balance to 0
[2024-05-10 01:54:42][logger.py] INFO: Added bonus 0 to user 6034429696
[2024-05-10 01:54:43][logger.py] INFO: Получены данные callback - {'func': 'check_status_order', 'order': 'HLiUclEG0i'}
[2024-05-10 01:54:43][logger.py] INFO: Обновил кол-во товаров. Номер товара - 97010. Номер - категории - 49654
[2024-05-10 01:54:43][logger.py] INFO: Отправил файл с товарами юзеру - 6034429696. Номер товара - 97010. Номер - категории - 49654
[2024-05-10 01:54:43][logger.py] ERROR: Пользователь 6034429696 оплатил заказ HLiUclEG0i
[2024-05-10 01:54:43][logger.py] INFO: Retrieved user 6034429696's from_referal: ('1744691089',)
[2024-05-10 01:54:43][logger.py] INFO: callback - func=check_status_order-order=HLiUclEG0i
[2024-05-10 01:54:43][logger.py] CRITICAL: Ошибка при обработке callback - unsupported operand type(s) for /: 'str' and 'int'
